<?xml version="1.0" encoding="UTF-8"?>
<!-- Generated by org.testng.reporters.JUnitReportReporter -->
<testsuite hostname="Ankur" failures="0" tests="1" name="TestAutomation.LaunchPrac" time="0.035" errors="0" timestamp="2023-08-08T21:52:26 IST" skipped="0">
  <testcase classname="TestAutomation.LaunchPrac" name="Test" time="0.035"/>
  <system-out/>
</testsuite> <!-- TestAutomation.LaunchPrac -->
