<?xml version="1.0" encoding="UTF-8"?>
<!-- Generated by org.testng.reporters.JUnitReportReporter -->
<testsuite hostname="Ankur" failures="0" tests="1" name="TestAutomation.LaunchPrac" time="0.018" errors="0" timestamp="2023-08-04T23:58:03 IST" skipped="0">
  <testcase classname="TestAutomation.LaunchPrac" name="Test" time="0.018"/>
  <system-out/>
</testsuite> <!-- TestAutomation.LaunchPrac -->
